<?xml version="1.0" encoding="UTF-8"?>
<!-- Generated by org.testng.reporters.JUnitXMLReporter -->
<testsuite hostname="CHENNWL-CD7FT12" name="Android_2" tests="4" failures="0" timestamp="17 Nov 2015 12:16:34 GMT" time="53.194" errors="0">
  <testcase name="@BeforeClass openTheLongmanApp" time="0.0" classname="com.pageTests.HistoryPageTest">
    <failure type="org.openqa.selenium.remote.UnreachableBrowserException" message="Could not start a new session. Possible causes are invalid address of the remote server or browser start-up failure.
Build info: version: &amp;apos;2.47.1&amp;apos;, revision: &amp;apos;unknown&amp;apos;, time: &amp;apos;2015-07-30 11:02:44&amp;apos;
System info: host: &amp;apos;CHENNWL-CD7FT12&amp;apos;, ip: &amp;apos;10.98.5.92&amp;apos;, os.name: &amp;apos;Windows 7&amp;apos;, os.arch: &amp;apos;amd64&amp;apos;, os.version: &amp;apos;6.1&amp;apos;, java.version: &amp;apos;1.8.0_05&amp;apos;
Driver info: driver.version: AndroidDriver">
      <![CDATA[org.openqa.selenium.remote.UnreachableBrowserException: Could not start a new session. Possible causes are invalid address of the remote server or browser start-up failure.
Build info: version: '2.47.1', revision: 'unknown', time: '2015-07-30 11:02:44'
System info: host: 'CHENNWL-CD7FT12', ip: '10.98.5.92', os.name: 'Windows 7', os.arch: 'amd64', os.version: '6.1', java.version: '1.8.0_05'
Driver info: driver.version: AndroidDriver
	at org.openqa.selenium.remote.RemoteWebDriver.execute(RemoteWebDriver.java:589)
	at io.appium.java_client.DefaultGenericMobileDriver.execute(DefaultGenericMobileDriver.java:42)
	at io.appium.java_client.AppiumDriver.execute(AppiumDriver.java:1)
	at io.appium.java_client.android.AndroidDriver.execute(AndroidDriver.java:1)
	at org.openqa.selenium.remote.RemoteWebDriver.startSession(RemoteWebDriver.java:242)
	at org.openqa.selenium.remote.RemoteWebDriver.<init>(RemoteWebDriver.java:128)
	at org.openqa.selenium.remote.RemoteWebDriver.<init>(RemoteWebDriver.java:141)
	at io.appium.java_client.DefaultGenericMobileDriver.<init>(DefaultGenericMobileDriver.java:37)
	at io.appium.java_client.AppiumDriver.<init>(AppiumDriver.java:160)
	at io.appium.java_client.AppiumDriver.<init>(AppiumDriver.java:168)
	at io.appium.java_client.android.AndroidDriver.<init>(AndroidDriver.java:69)
	at com.openandclosetheapp.OpenAndCloseTheApp.openTheLongmanApp(OpenAndCloseTheApp.java:59)
	at java.util.concurrent.FutureTask.run(Unknown Source)
	at java.util.concurrent.ThreadPoolExecutor.runWorker(Unknown Source)
	at java.util.concurrent.ThreadPoolExecutor$Worker.run(Unknown Source)
	at java.lang.Thread.run(Unknown Source)
Caused by: org.openqa.selenium.WebDriverException: java.net.SocketException: Connection reset
Build info: version: '2.47.1', revision: 'unknown', time: '2015-07-30 11:02:44'
System info: host: 'CHENNWL-CD7FT12', ip: '10.98.5.92', os.name: 'Windows 7', os.arch: 'amd64', os.version: '6.1', java.version: '1.8.0_05'
Driver info: driver.version: AndroidDriver
	at io.appium.java_client.remote.AppiumCommandExecutor.execute(AppiumCommandExecutor.java:64)
	at org.openqa.selenium.remote.RemoteWebDriver.execute(RemoteWebDriver.java:568)
	... 31 more
Caused by: java.net.SocketException: Connection reset
	at java.net.SocketInputStream.read(Unknown Source)
	at java.net.SocketInputStream.read(Unknown Source)
	at org.apache.http.impl.io.SessionInputBufferImpl.streamRead(SessionInputBufferImpl.java:136)
	at org.apache.http.impl.io.SessionInputBufferImpl.fillBuffer(SessionInputBufferImpl.java:152)
	at org.apache.http.impl.io.SessionInputBufferImpl.readLine(SessionInputBufferImpl.java:270)
	at org.apache.http.impl.conn.DefaultHttpResponseParser.parseHead(DefaultHttpResponseParser.java:140)
	at org.apache.http.impl.conn.DefaultHttpResponseParser.parseHead(DefaultHttpResponseParser.java:57)
	at org.apache.http.impl.io.AbstractMessageParser.parse(AbstractMessageParser.java:260)
	at org.apache.http.impl.DefaultBHttpClientConnection.receiveResponseHeader(DefaultBHttpClientConnection.java:161)
	at org.apache.http.impl.conn.CPoolProxy.invoke(CPoolProxy.java:138)
	at com.sun.proxy.$Proxy5.receiveResponseHeader(Unknown Source)
	at org.apache.http.protocol.HttpRequestExecutor.doReceiveResponse(HttpRequestExecutor.java:271)
	at org.apache.http.protocol.HttpRequestExecutor.execute(HttpRequestExecutor.java:123)
	at org.apache.http.impl.execchain.MainClientExec.execute(MainClientExec.java:254)
	at org.apache.http.impl.execchain.ProtocolExec.execute(ProtocolExec.java:195)
	at org.apache.http.impl.execchain.RetryExec.execute(RetryExec.java:86)
	at org.apache.http.impl.execchain.RedirectExec.execute(RedirectExec.java:108)
	at org.apache.http.impl.client.InternalHttpClient.doExecute(InternalHttpClient.java:186)
	at org.apache.http.impl.client.CloseableHttpClient.execute(CloseableHttpClient.java:72)
	at org.apache.http.impl.client.CloseableHttpClient.execute(CloseableHttpClient.java:57)
	at org.openqa.selenium.remote.internal.ApacheHttpClient.fallBackExecute(ApacheHttpClient.java:143)
	at org.openqa.selenium.remote.internal.ApacheHttpClient.execute(ApacheHttpClient.java:89)
	at org.openqa.selenium.remote.HttpCommandExecutor.execute(HttpCommandExecutor.java:134)
	at io.appium.java_client.remote.AppiumCommandExecutor.execute(AppiumCommandExecutor.java:52)
	... 32 more
... Removed 20 stack frames]]>
    </failure>
  </testcase> <!-- @BeforeClass openTheLongmanApp -->
  <testcase name="@AfterClass closeTheApp" time="0.0" classname="com.pageTests.HistoryPageTest">
    <skipped/>
  </testcase> <!-- @AfterClass closeTheApp -->
  <testcase name="VerifyNavigationToHistoryPage" time="0.0" classname="com.pageTests.HistoryPageTest">
    <skipped/>
  </testcase> <!-- VerifyNavigationToHistoryPage -->
  <testcase name="verifyDeleteFunctionality" time="0.0" classname="com.pageTests.HistoryPageTest">
    <skipped/>
  </testcase> <!-- verifyDeleteFunctionality -->
  <testcase name="verifyHistoryPageTitleIsDisplayed" time="0.0" classname="com.pageTests.HistoryPageTest">
    <skipped/>
  </testcase> <!-- verifyHistoryPageTitleIsDisplayed -->
  <testcase name="verifyHistoryPageTitleLabel" time="0.0" classname="com.pageTests.HistoryPageTest">
    <skipped/>
  </testcase> <!-- verifyHistoryPageTitleLabel -->
</testsuite> <!-- Android_2 -->
