<?xml version="1.0" encoding="UTF-8"?>
<!-- Generated by org.testng.reporters.JUnitXMLReporter -->
<testsuite hostname="GLOENWL-GNJS6C2" name="Android_1" tests="23" failures="0" timestamp="21 Jun 2016 11:17:32 GMT" time="2.753" errors="0">
  <testcase name="@BeforeClass openTheLongmanApp" time="0.0" classname="com.pageTests.HistoryPageTest">
    <failure type="org.openqa.selenium.remote.UnreachableBrowserException" message="Could not start a new session. Possible causes are invalid address of the remote server or browser start-up failure.
Build info: version: &amp;apos;2.47.1&amp;apos;, revision: &amp;apos;unknown&amp;apos;, time: &amp;apos;2015-07-30 11:02:44&amp;apos;
System info: host: &amp;apos;GLOENWL-GNJS6C2&amp;apos;, ip: &amp;apos;192.168.169.2&amp;apos;, os.name: &amp;apos;Windows 8.1&amp;apos;, os.arch: &amp;apos;amd64&amp;apos;, os.version: &amp;apos;6.3&amp;apos;, java.version: &amp;apos;1.8.0_91&amp;apos;
Driver info: driver.version: AndroidDriver">
      <![CDATA[org.openqa.selenium.remote.UnreachableBrowserException: Could not start a new session. Possible causes are invalid address of the remote server or browser start-up failure.
Build info: version: '2.47.1', revision: 'unknown', time: '2015-07-30 11:02:44'
System info: host: 'GLOENWL-GNJS6C2', ip: '192.168.169.2', os.name: 'Windows 8.1', os.arch: 'amd64', os.version: '6.3', java.version: '1.8.0_91'
Driver info: driver.version: AndroidDriver
	at org.openqa.selenium.remote.RemoteWebDriver.execute(RemoteWebDriver.java:589)
	at io.appium.java_client.DefaultGenericMobileDriver.execute(DefaultGenericMobileDriver.java:42)
	at io.appium.java_client.AppiumDriver.execute(AppiumDriver.java:1)
	at io.appium.java_client.android.AndroidDriver.execute(AndroidDriver.java:1)
	at org.openqa.selenium.remote.RemoteWebDriver.startSession(RemoteWebDriver.java:242)
	at org.openqa.selenium.remote.RemoteWebDriver.<init>(RemoteWebDriver.java:128)
	at org.openqa.selenium.remote.RemoteWebDriver.<init>(RemoteWebDriver.java:141)
	at io.appium.java_client.DefaultGenericMobileDriver.<init>(DefaultGenericMobileDriver.java:37)
	at io.appium.java_client.AppiumDriver.<init>(AppiumDriver.java:161)
	at io.appium.java_client.AppiumDriver.<init>(AppiumDriver.java:170)
	at io.appium.java_client.android.AndroidDriver.<init>(AndroidDriver.java:82)
	at com.openandclosetheapp.OpenAndCloseTheApp.openTheLongmanApp(OpenAndCloseTheApp.java:61)
	at java.util.concurrent.FutureTask.run(Unknown Source)
	at java.util.concurrent.ThreadPoolExecutor.runWorker(Unknown Source)
	at java.util.concurrent.ThreadPoolExecutor$Worker.run(Unknown Source)
	at java.lang.Thread.run(Unknown Source)
Caused by: org.openqa.selenium.WebDriverException: org.apache.http.conn.HttpHostConnectException: Connect to 127.0.0.1:4723 [/127.0.0.1] failed: Connection refused: connect
Build info: version: '2.47.1', revision: 'unknown', time: '2015-07-30 11:02:44'
System info: host: 'GLOENWL-GNJS6C2', ip: '192.168.169.2', os.name: 'Windows 8.1', os.arch: 'amd64', os.version: '6.3', java.version: '1.8.0_91'
Driver info: driver.version: AndroidDriver
	at io.appium.java_client.remote.AppiumCommandExecutor.execute(AppiumCommandExecutor.java:79)
	at org.openqa.selenium.remote.RemoteWebDriver.execute(RemoteWebDriver.java:568)
	... 31 more
Caused by: org.apache.http.conn.HttpHostConnectException: Connect to 127.0.0.1:4723 [/127.0.0.1] failed: Connection refused: connect
	at org.apache.http.impl.conn.HttpClientConnectionOperator.connect(HttpClientConnectionOperator.java:140)
	at org.apache.http.impl.conn.PoolingHttpClientConnectionManager.connect(PoolingHttpClientConnectionManager.java:314)
	at org.apache.http.impl.execchain.MainClientExec.establishRoute(MainClientExec.java:363)
	at org.apache.http.impl.execchain.MainClientExec.execute(MainClientExec.java:219)
	at org.apache.http.impl.execchain.ProtocolExec.execute(ProtocolExec.java:195)
	at org.apache.http.impl.execchain.RetryExec.execute(RetryExec.java:86)
	at org.apache.http.impl.execchain.RedirectExec.execute(RedirectExec.java:108)
	at org.apache.http.impl.client.InternalHttpClient.doExecute(InternalHttpClient.java:186)
	at org.apache.http.impl.client.CloseableHttpClient.execute(CloseableHttpClient.java:72)
	at org.apache.http.impl.client.CloseableHttpClient.execute(CloseableHttpClient.java:57)
	at org.openqa.selenium.remote.internal.ApacheHttpClient.fallBackExecute(ApacheHttpClient.java:143)
	at org.openqa.selenium.remote.internal.ApacheHttpClient.execute(ApacheHttpClient.java:89)
	at org.openqa.selenium.remote.HttpCommandExecutor.execute(HttpCommandExecutor.java:134)
	at io.appium.java_client.remote.AppiumCommandExecutor.execute(AppiumCommandExecutor.java:67)
	... 32 more
Caused by: java.net.ConnectException: Connection refused: connect
	at java.net.DualStackPlainSocketImpl.waitForConnect(Native Method)
	at java.net.DualStackPlainSocketImpl.socketConnect(Unknown Source)
	at java.net.AbstractPlainSocketImpl.doConnect(Unknown Source)
	at java.net.AbstractPlainSocketImpl.connectToAddress(Unknown Source)
	at java.net.AbstractPlainSocketImpl.connect(Unknown Source)
	at java.net.PlainSocketImpl.connect(Unknown Source)
	at java.net.SocksSocketImpl.connect(Unknown Source)
	at java.net.Socket.connect(Unknown Source)
	at org.apache.http.conn.socket.PlainConnectionSocketFactory.connectSocket(PlainConnectionSocketFactory.java:72)
	at org.apache.http.impl.conn.HttpClientConnectionOperator.connect(HttpClientConnectionOperator.java:117)
	... 45 more
... Removed 16 stack frames]]>
    </failure>
  </testcase> <!-- @BeforeClass openTheLongmanApp -->
  <testcase name="@BeforeClass clearHistoryPage" time="0.0" classname="com.pageTests.HistoryPageTest">
    <skipped/>
  </testcase> <!-- @BeforeClass clearHistoryPage -->
  <testcase name="@AfterClass closeTheApp" time="0.0" classname="com.pageTests.HistoryPageTest">
    <skipped/>
  </testcase> <!-- @AfterClass closeTheApp -->
  <testcase name="@BeforeClass openTheLongmanApp" time="0.0" classname="com.pageTests.CoreVocabularyPageMobileTest">
    <failure type="org.openqa.selenium.remote.UnreachableBrowserException" message="Could not start a new session. Possible causes are invalid address of the remote server or browser start-up failure.
Build info: version: &amp;apos;2.47.1&amp;apos;, revision: &amp;apos;unknown&amp;apos;, time: &amp;apos;2015-07-30 11:02:44&amp;apos;
System info: host: &amp;apos;GLOENWL-GNJS6C2&amp;apos;, ip: &amp;apos;192.168.169.2&amp;apos;, os.name: &amp;apos;Windows 8.1&amp;apos;, os.arch: &amp;apos;amd64&amp;apos;, os.version: &amp;apos;6.3&amp;apos;, java.version: &amp;apos;1.8.0_91&amp;apos;
Driver info: driver.version: AndroidDriver">
      <![CDATA[org.openqa.selenium.remote.UnreachableBrowserException: Could not start a new session. Possible causes are invalid address of the remote server or browser start-up failure.
Build info: version: '2.47.1', revision: 'unknown', time: '2015-07-30 11:02:44'
System info: host: 'GLOENWL-GNJS6C2', ip: '192.168.169.2', os.name: 'Windows 8.1', os.arch: 'amd64', os.version: '6.3', java.version: '1.8.0_91'
Driver info: driver.version: AndroidDriver
	at org.openqa.selenium.remote.RemoteWebDriver.execute(RemoteWebDriver.java:589)
	at io.appium.java_client.DefaultGenericMobileDriver.execute(DefaultGenericMobileDriver.java:42)
	at io.appium.java_client.AppiumDriver.execute(AppiumDriver.java:1)
	at io.appium.java_client.android.AndroidDriver.execute(AndroidDriver.java:1)
	at org.openqa.selenium.remote.RemoteWebDriver.startSession(RemoteWebDriver.java:242)
	at org.openqa.selenium.remote.RemoteWebDriver.<init>(RemoteWebDriver.java:128)
	at org.openqa.selenium.remote.RemoteWebDriver.<init>(RemoteWebDriver.java:141)
	at io.appium.java_client.DefaultGenericMobileDriver.<init>(DefaultGenericMobileDriver.java:37)
	at io.appium.java_client.AppiumDriver.<init>(AppiumDriver.java:161)
	at io.appium.java_client.AppiumDriver.<init>(AppiumDriver.java:170)
	at io.appium.java_client.android.AndroidDriver.<init>(AndroidDriver.java:82)
	at com.openandclosetheapp.OpenAndCloseTheApp.openTheLongmanApp(OpenAndCloseTheApp.java:61)
	at java.util.concurrent.FutureTask.run(Unknown Source)
	at java.util.concurrent.ThreadPoolExecutor.runWorker(Unknown Source)
	at java.util.concurrent.ThreadPoolExecutor$Worker.run(Unknown Source)
	at java.lang.Thread.run(Unknown Source)
Caused by: org.openqa.selenium.WebDriverException: org.apache.http.conn.HttpHostConnectException: Connect to 127.0.0.1:4723 [/127.0.0.1] failed: Connection refused: connect
Build info: version: '2.47.1', revision: 'unknown', time: '2015-07-30 11:02:44'
System info: host: 'GLOENWL-GNJS6C2', ip: '192.168.169.2', os.name: 'Windows 8.1', os.arch: 'amd64', os.version: '6.3', java.version: '1.8.0_91'
Driver info: driver.version: AndroidDriver
	at io.appium.java_client.remote.AppiumCommandExecutor.execute(AppiumCommandExecutor.java:79)
	at org.openqa.selenium.remote.RemoteWebDriver.execute(RemoteWebDriver.java:568)
	... 31 more
Caused by: org.apache.http.conn.HttpHostConnectException: Connect to 127.0.0.1:4723 [/127.0.0.1] failed: Connection refused: connect
	at org.apache.http.impl.conn.HttpClientConnectionOperator.connect(HttpClientConnectionOperator.java:140)
	at org.apache.http.impl.conn.PoolingHttpClientConnectionManager.connect(PoolingHttpClientConnectionManager.java:314)
	at org.apache.http.impl.execchain.MainClientExec.establishRoute(MainClientExec.java:363)
	at org.apache.http.impl.execchain.MainClientExec.execute(MainClientExec.java:219)
	at org.apache.http.impl.execchain.ProtocolExec.execute(ProtocolExec.java:195)
	at org.apache.http.impl.execchain.RetryExec.execute(RetryExec.java:86)
	at org.apache.http.impl.execchain.RedirectExec.execute(RedirectExec.java:108)
	at org.apache.http.impl.client.InternalHttpClient.doExecute(InternalHttpClient.java:186)
	at org.apache.http.impl.client.CloseableHttpClient.execute(CloseableHttpClient.java:72)
	at org.apache.http.impl.client.CloseableHttpClient.execute(CloseableHttpClient.java:57)
	at org.openqa.selenium.remote.internal.ApacheHttpClient.fallBackExecute(ApacheHttpClient.java:143)
	at org.openqa.selenium.remote.internal.ApacheHttpClient.execute(ApacheHttpClient.java:89)
	at org.openqa.selenium.remote.HttpCommandExecutor.execute(HttpCommandExecutor.java:134)
	at io.appium.java_client.remote.AppiumCommandExecutor.execute(AppiumCommandExecutor.java:67)
	... 32 more
Caused by: java.net.ConnectException: Connection refused: connect
	at java.net.DualStackPlainSocketImpl.waitForConnect(Native Method)
	at java.net.DualStackPlainSocketImpl.socketConnect(Unknown Source)
	at java.net.AbstractPlainSocketImpl.doConnect(Unknown Source)
	at java.net.AbstractPlainSocketImpl.connectToAddress(Unknown Source)
	at java.net.AbstractPlainSocketImpl.connect(Unknown Source)
	at java.net.PlainSocketImpl.connect(Unknown Source)
	at java.net.SocksSocketImpl.connect(Unknown Source)
	at java.net.Socket.connect(Unknown Source)
	at org.apache.http.conn.socket.PlainConnectionSocketFactory.connectSocket(PlainConnectionSocketFactory.java:72)
	at org.apache.http.impl.conn.HttpClientConnectionOperator.connect(HttpClientConnectionOperator.java:117)
	... 45 more
... Removed 16 stack frames]]>
    </failure>
  </testcase> <!-- @BeforeClass openTheLongmanApp -->
  <testcase name="@AfterClass closeTheApp" time="0.0" classname="com.pageTests.CoreVocabularyPageMobileTest">
    <skipped/>
  </testcase> <!-- @AfterClass closeTheApp -->
  <testcase name="verifyDeleteAllMessageText" time="0.004" classname="com.pageTests.HistoryPageTest">
    <skipped/>
  </testcase> <!-- verifyDeleteAllMessageText -->
  <testcase name="verifyDeleteFunctionality" time="0.004" classname="com.pageTests.HistoryPageTest">
    <skipped/>
  </testcase> <!-- verifyDeleteFunctionality -->
  <testcase name="verifyHistoryPageTitleIsDisplayed" time="0.002" classname="com.pageTests.HistoryPageTest">
    <skipped/>
  </testcase> <!-- verifyHistoryPageTitleIsDisplayed -->
  <testcase name="verifyHistoryPageTitleLabel" time="0.009" classname="com.pageTests.HistoryPageTest">
    <skipped/>
  </testcase> <!-- verifyHistoryPageTitleLabel -->
  <testcase name="verifyMultipleDeleteFunctionality" time="0.003" classname="com.pageTests.HistoryPageTest">
    <skipped/>
  </testcase> <!-- verifyMultipleDeleteFunctionality -->
  <testcase name="verifyNavigationToDetailedPageFromHistory" time="0.003" classname="com.pageTests.HistoryPageTest">
    <skipped/>
  </testcase> <!-- verifyNavigationToDetailedPageFromHistory -->
  <testcase name="verifyNavigationToHistoryPage" time="0.002" classname="com.pageTests.HistoryPageTest">
    <skipped/>
  </testcase> <!-- verifyNavigationToHistoryPage -->
  <testcase name="verifyWordsAddedIntoHistory" time="0.001" classname="com.pageTests.HistoryPageTest">
    <skipped/>
  </testcase> <!-- verifyWordsAddedIntoHistory -->
  <testcase name="navigateToCoreVocabularyPage" time="0.007" classname="com.pageTests.CoreVocabularyPageMobileTest">
    <skipped/>
  </testcase> <!-- navigateToCoreVocabularyPage -->
  <testcase name="verifyAllNineThousandWordsSelected" time="0.006" classname="com.pageTests.CoreVocabularyPageMobileTest">
    <skipped/>
  </testcase> <!-- verifyAllNineThousandWordsSelected -->
  <testcase name="verifyAllTopSpokenWordsSelected" time="0.002" classname="com.pageTests.CoreVocabularyPageMobileTest">
    <skipped/>
  </testcase> <!-- verifyAllTopSpokenWordsSelected -->
  <testcase name="verifyAllTopWrittenWordsSelected" time="0.003" classname="com.pageTests.CoreVocabularyPageMobileTest">
    <skipped/>
  </testcase> <!-- verifyAllTopWrittenWordsSelected -->
  <testcase name="verifyCoreVocabularyLabelName" time="0.003" classname="com.pageTests.CoreVocabularyPageMobileTest">
    <skipped/>
  </testcase> <!-- verifyCoreVocabularyLabelName -->
  <testcase name="verifyCoreVocabularyPageTitle" time="0.008" classname="com.pageTests.CoreVocabularyPageMobileTest">
    <skipped/>
  </testcase> <!-- verifyCoreVocabularyPageTitle -->
  <testcase name="verifyHighFrequencySelected" time="0.001" classname="com.pageTests.CoreVocabularyPageMobileTest">
    <skipped/>
  </testcase> <!-- verifyHighFrequencySelected -->
  <testcase name="verifyLowerFrequencySelected" time="0.001" classname="com.pageTests.CoreVocabularyPageMobileTest">
    <skipped/>
  </testcase> <!-- verifyLowerFrequencySelected -->
  <testcase name="verifyMediumFrequencySelected" time="0.001" classname="com.pageTests.CoreVocabularyPageMobileTest">
    <skipped/>
  </testcase> <!-- verifyMediumFrequencySelected -->
  <testcase name="verifyTop1000SpokenWordsSelected" time="0.002" classname="com.pageTests.CoreVocabularyPageMobileTest">
    <skipped/>
  </testcase> <!-- verifyTop1000SpokenWordsSelected -->
  <testcase name="verifyTop1000WrittenWordsSelected" time="0.001" classname="com.pageTests.CoreVocabularyPageMobileTest">
    <skipped/>
  </testcase> <!-- verifyTop1000WrittenWordsSelected -->
  <testcase name="verifyTop2000SpokenWordsSelected" time="0.002" classname="com.pageTests.CoreVocabularyPageMobileTest">
    <skipped/>
  </testcase> <!-- verifyTop2000SpokenWordsSelected -->
  <testcase name="verifyTop2000WrittenWordsSelected" time="0.005" classname="com.pageTests.CoreVocabularyPageMobileTest">
    <skipped/>
  </testcase> <!-- verifyTop2000WrittenWordsSelected -->
  <testcase name="verifyTop3000SpokenWordsSelected" time="0.006" classname="com.pageTests.CoreVocabularyPageMobileTest">
    <skipped/>
  </testcase> <!-- verifyTop3000SpokenWordsSelected -->
  <testcase name="verifyTop3000WrittenWordsSelected" time="0.006" classname="com.pageTests.CoreVocabularyPageMobileTest">
    <skipped/>
  </testcase> <!-- verifyTop3000WrittenWordsSelected -->
</testsuite> <!-- Android_1 -->
