<?xml version="1.0" encoding="UTF-8"?>
<!-- Generated by org.testng.reporters.JUnitXMLReporter -->
<testsuite hostname="W7U-UMUNIBH" name="iPhone4S" tests="5" failures="0" timestamp="13 May 2015 09:32:33 GMT" time="89.423" errors="0">
  <testcase name="navigatingToHistoryPage" time="48.877" classname="com.pageTests.HistoryPageTest"/>
  <testcase name="verifyDeleteFunctionality" time="8.424" classname="com.pageTests.HistoryPageTest"/>
  <testcase name="verifyHistoryPageTitle" time="5.489" classname="com.pageTests.HistoryPageTest"/>
  <testcase name="verifyHistoryPageTitleIsDisplayed" time="4.831" classname="com.pageTests.HistoryPageTest"/>
  <testcase name="navigateToFavoritesPage" time="3.406" classname="com.pageTests.FavoritesPageTest"/>
</testsuite> <!-- iPhone4S -->
