<?xml version="1.0" encoding="UTF-8"?>
<!-- Generated by org.testng.reporters.JUnitXMLReporter -->
<testsuite hostname="CHENNWL-CD7FT12" name="Longman-Android" tests="4" failures="0" timestamp="16 Oct 2015 12:22:54 GMT" time="16.505" errors="0">
  <testcase name="@BeforeClass openTheLongmanApp" time="0.0" classname="com.pageTests.HistoryPageTest">
    <failure type="org.openqa.selenium.SessionNotCreatedException" message="A new session could not be created. (Original error: Activity used to start app doesn&amp;apos;t exist or cannot be launched! Make sure it exists and is a launchable activity) (WARNING: The server did not provide any stacktrace information)
Command duration or timeout: 16.09 seconds
Build info: version: &amp;apos;2.47.1&amp;apos;, revision: &amp;apos;unknown&amp;apos;, time: &amp;apos;2015-07-30 11:02:44&amp;apos;
System info: host: &amp;apos;CHENNWL-CD7FT12&amp;apos;, ip: &amp;apos;10.98.5.92&amp;apos;, os.name: &amp;apos;Windows 7&amp;apos;, os.arch: &amp;apos;amd64&amp;apos;, os.version: &amp;apos;6.1&amp;apos;, java.version: &amp;apos;1.8.0_05&amp;apos;
Driver info: io.appium.java_client.android.AndroidDriver">
      <![CDATA[org.openqa.selenium.SessionNotCreatedException: A new session could not be created. (Original error: Activity used to start app doesn't exist or cannot be launched! Make sure it exists and is a launchable activity) (WARNING: The server did not provide any stacktrace information)
Command duration or timeout: 16.09 seconds
Build info: version: '2.47.1', revision: 'unknown', time: '2015-07-30 11:02:44'
System info: host: 'CHENNWL-CD7FT12', ip: '10.98.5.92', os.name: 'Windows 7', os.arch: 'amd64', os.version: '6.1', java.version: '1.8.0_05'
Driver info: io.appium.java_client.android.AndroidDriver
	at org.openqa.selenium.remote.ErrorHandler.createThrowable(ErrorHandler.java:206)
	at org.openqa.selenium.remote.ErrorHandler.throwIfResponseFailed(ErrorHandler.java:158)
	at org.openqa.selenium.remote.RemoteWebDriver.execute(RemoteWebDriver.java:595)
	at io.appium.java_client.DefaultGenericMobileDriver.execute(DefaultGenericMobileDriver.java:42)
	at io.appium.java_client.AppiumDriver.execute(AppiumDriver.java:1)
	at io.appium.java_client.android.AndroidDriver.execute(AndroidDriver.java:1)
	at org.openqa.selenium.remote.RemoteWebDriver.startSession(RemoteWebDriver.java:242)
	at org.openqa.selenium.remote.RemoteWebDriver.<init>(RemoteWebDriver.java:128)
	at org.openqa.selenium.remote.RemoteWebDriver.<init>(RemoteWebDriver.java:141)
	at io.appium.java_client.DefaultGenericMobileDriver.<init>(DefaultGenericMobileDriver.java:37)
	at io.appium.java_client.AppiumDriver.<init>(AppiumDriver.java:160)
	at io.appium.java_client.AppiumDriver.<init>(AppiumDriver.java:168)
	at io.appium.java_client.android.AndroidDriver.<init>(AndroidDriver.java:69)
	at com.openandclosetheapp.OpenAndCloseTheApp.openTheLongmanApp(OpenAndCloseTheApp.java:67)
	at java.util.concurrent.ThreadPoolExecutor.runWorker(Unknown Source)
	at java.util.concurrent.ThreadPoolExecutor$Worker.run(Unknown Source)
	at java.lang.Thread.run(Unknown Source)
... Removed 14 stack frames]]>
    </failure>
  </testcase> <!-- @BeforeClass openTheLongmanApp -->
  <testcase name="@AfterClass closeTheApp" time="0.0" classname="com.pageTests.HistoryPageTest">
    <skipped/>
  </testcase> <!-- @AfterClass closeTheApp -->
  <testcase name="VerifyNavigationToHistoryPage" time="0.002" classname="com.pageTests.HistoryPageTest">
    <skipped/>
  </testcase> <!-- VerifyNavigationToHistoryPage -->
  <testcase name="verifyDeleteFunctionality" time="0.001" classname="com.pageTests.HistoryPageTest">
    <skipped/>
  </testcase> <!-- verifyDeleteFunctionality -->
  <testcase name="verifyHistoryPageTitleIsDisplayed" time="0.001" classname="com.pageTests.HistoryPageTest">
    <skipped/>
  </testcase> <!-- verifyHistoryPageTitleIsDisplayed -->
  <testcase name="verifyHistoryPageTitleLabel" time="0.002" classname="com.pageTests.HistoryPageTest">
    <skipped/>
  </testcase> <!-- verifyHistoryPageTitleLabel -->
</testsuite> <!-- Longman-Android -->
