<?xml version="1.0" encoding="UTF-8"?>
<testng-results skipped="0" failed="4" total="16" passed="12">
  <reporter-output>
  </reporter-output>
  <suite name="Default suite" duration-ms="179684" started-at="2016-07-21T06:10:00Z" finished-at="2016-07-21T06:13:00Z">
    <groups>
    </groups>
    <test name="Default test" duration-ms="179684" started-at="2016-07-21T06:10:00Z" finished-at="2016-07-21T06:13:00Z">
      <class name="com.pageTests.AboutThisAppPageTest">
        <test-method status="PASS" signature="openTheLongmanApp()[pri:0, instance:com.pageTests.AboutThisAppPageTest@6e06451e]" name="openTheLongmanApp" is-config="true" duration-ms="6244" started-at="2016-07-21T11:40:00Z" finished-at="2016-07-21T11:40:07Z">
          <reporter-output>
          </reporter-output>
        </test-method> <!-- openTheLongmanApp -->
        <test-method status="PASS" signature="verifyAboutThisAppLabelName()[pri:0, instance:com.pageTests.AboutThisAppPageTest@6e06451e]" name="verifyAboutThisAppLabelName" duration-ms="14327" started-at="2016-07-21T11:40:07Z" finished-at="2016-07-21T11:40:21Z">
          <reporter-output>
          </reporter-output>
        </test-method> <!-- verifyAboutThisAppLabelName -->
        <test-method status="PASS" signature="verifyAboutThisAppLinkDisplayed()[pri:0, instance:com.pageTests.AboutThisAppPageTest@6e06451e]" name="verifyAboutThisAppLinkDisplayed" duration-ms="6524" started-at="2016-07-21T11:40:21Z" finished-at="2016-07-21T11:40:27Z">
          <reporter-output>
          </reporter-output>
        </test-method> <!-- verifyAboutThisAppLinkDisplayed -->
        <test-method status="FAIL" signature="verifyAboutThisAppSubLinksCount()[pri:0, instance:com.pageTests.AboutThisAppPageTest@6e06451e]" name="verifyAboutThisAppSubLinksCount" duration-ms="7926" started-at="2016-07-21T11:40:27Z" finished-at="2016-07-21T11:40:35Z">
          <exception class="java.lang.AssertionError">
            <message>
              <![CDATA[expected [10] but found [9]]]>
            </message>
            <full-stacktrace>
              <![CDATA[java.lang.AssertionError: expected [10] but found [9]
	at org.testng.Assert.fail(Assert.java:94)
	at org.testng.Assert.failNotEquals(Assert.java:494)
	at org.testng.Assert.assertEquals(Assert.java:123)
	at org.testng.Assert.assertEquals(Assert.java:370)
	at org.testng.Assert.assertEquals(Assert.java:380)
	at com.pageTests.AboutThisAppPageTest.verifyAboutThisAppSubLinksCount(AboutThisAppPageTest.java:58)
	at sun.reflect.NativeMethodAccessorImpl.invoke0(Native Method)
	at sun.reflect.NativeMethodAccessorImpl.invoke(Unknown Source)
	at sun.reflect.DelegatingMethodAccessorImpl.invoke(Unknown Source)
	at java.lang.reflect.Method.invoke(Unknown Source)
	at org.testng.internal.MethodInvocationHelper.invokeMethod(MethodInvocationHelper.java:80)
	at org.testng.internal.Invoker.invokeMethod(Invoker.java:714)
	at org.testng.internal.Invoker.invokeTestMethod(Invoker.java:901)
	at org.testng.internal.Invoker.invokeTestMethods(Invoker.java:1231)
	at org.testng.internal.TestMethodWorker.invokeTestMethods(TestMethodWorker.java:127)
	at org.testng.internal.TestMethodWorker.run(TestMethodWorker.java:111)
	at org.testng.TestRunner.privateRun(TestRunner.java:767)
	at org.testng.TestRunner.run(TestRunner.java:617)
	at org.testng.SuiteRunner.runTest(SuiteRunner.java:334)
	at org.testng.SuiteRunner.runSequentially(SuiteRunner.java:329)
	at org.testng.SuiteRunner.privateRun(SuiteRunner.java:291)
	at org.testng.SuiteRunner.run(SuiteRunner.java:240)
	at org.testng.SuiteRunnerWorker.runSuite(SuiteRunnerWorker.java:52)
	at org.testng.SuiteRunnerWorker.run(SuiteRunnerWorker.java:86)
	at org.testng.TestNG.runSuitesSequentially(TestNG.java:1198)
	at org.testng.TestNG.runSuitesLocally(TestNG.java:1123)
	at org.testng.TestNG.run(TestNG.java:1031)
	at org.testng.remote.AbstractRemoteTestNG.run(AbstractRemoteTestNG.java:126)
	at org.testng.remote.RemoteTestNG.initAndRun(RemoteTestNG.java:137)
	at org.testng.remote.RemoteTestNG.main(RemoteTestNG.java:58)
]]>
            </full-stacktrace>
          </exception> <!-- java.lang.AssertionError -->
          <reporter-output>
          </reporter-output>
        </test-method> <!-- verifyAboutThisAppSubLinksCount -->
        <test-method status="FAIL" signature="verifyAboutThisAppSubLinksPresence()[pri:0, instance:com.pageTests.AboutThisAppPageTest@6e06451e]" name="verifyAboutThisAppSubLinksPresence" duration-ms="7788" started-at="2016-07-21T11:40:35Z" finished-at="2016-07-21T11:40:43Z">
          <exception class="java.lang.AssertionError">
            <message>
              <![CDATA[About This App options are missing expected [true] but found [false]]]>
            </message>
            <full-stacktrace>
              <![CDATA[java.lang.AssertionError: About This App options are missing expected [true] but found [false]
	at org.testng.Assert.fail(Assert.java:94)
	at org.testng.Assert.failNotEquals(Assert.java:494)
	at org.testng.Assert.assertTrue(Assert.java:42)
	at com.pageTests.AboutThisAppPageTest.verifyAboutThisAppSubLinksPresence(AboutThisAppPageTest.java:71)
	at sun.reflect.NativeMethodAccessorImpl.invoke0(Native Method)
	at sun.reflect.NativeMethodAccessorImpl.invoke(Unknown Source)
	at sun.reflect.DelegatingMethodAccessorImpl.invoke(Unknown Source)
	at java.lang.reflect.Method.invoke(Unknown Source)
	at org.testng.internal.MethodInvocationHelper.invokeMethod(MethodInvocationHelper.java:80)
	at org.testng.internal.Invoker.invokeMethod(Invoker.java:714)
	at org.testng.internal.Invoker.invokeTestMethod(Invoker.java:901)
	at org.testng.internal.Invoker.invokeTestMethods(Invoker.java:1231)
	at org.testng.internal.TestMethodWorker.invokeTestMethods(TestMethodWorker.java:127)
	at org.testng.internal.TestMethodWorker.run(TestMethodWorker.java:111)
	at org.testng.TestRunner.privateRun(TestRunner.java:767)
	at org.testng.TestRunner.run(TestRunner.java:617)
	at org.testng.SuiteRunner.runTest(SuiteRunner.java:334)
	at org.testng.SuiteRunner.runSequentially(SuiteRunner.java:329)
	at org.testng.SuiteRunner.privateRun(SuiteRunner.java:291)
	at org.testng.SuiteRunner.run(SuiteRunner.java:240)
	at org.testng.SuiteRunnerWorker.runSuite(SuiteRunnerWorker.java:52)
	at org.testng.SuiteRunnerWorker.run(SuiteRunnerWorker.java:86)
	at org.testng.TestNG.runSuitesSequentially(TestNG.java:1198)
	at org.testng.TestNG.runSuitesLocally(TestNG.java:1123)
	at org.testng.TestNG.run(TestNG.java:1031)
	at org.testng.remote.AbstractRemoteTestNG.run(AbstractRemoteTestNG.java:126)
	at org.testng.remote.RemoteTestNG.initAndRun(RemoteTestNG.java:137)
	at org.testng.remote.RemoteTestNG.main(RemoteTestNG.java:58)
]]>
            </full-stacktrace>
          </exception> <!-- java.lang.AssertionError -->
          <reporter-output>
          </reporter-output>
        </test-method> <!-- verifyAboutThisAppSubLinksPresence -->
        <test-method status="FAIL" signature="verifyAcademicWordListLinkClickable()[pri:0, instance:com.pageTests.AboutThisAppPageTest@6e06451e]" name="verifyAcademicWordListLinkClickable" duration-ms="22707" started-at="2016-07-21T11:40:43Z" finished-at="2016-07-21T11:41:06Z">
          <exception class="java.lang.AssertionError">
            <message>
              <![CDATA[expected [true] but found [false]]]>
            </message>
            <full-stacktrace>
              <![CDATA[java.lang.AssertionError: expected [true] but found [false]
	at org.testng.Assert.fail(Assert.java:94)
	at org.testng.Assert.failNotEquals(Assert.java:494)
	at org.testng.Assert.assertTrue(Assert.java:42)
	at org.testng.Assert.assertTrue(Assert.java:52)
	at com.pageTests.AboutThisAppPageTest.verifyAcademicWordListLinkClickable(AboutThisAppPageTest.java:131)
	at sun.reflect.NativeMethodAccessorImpl.invoke0(Native Method)
	at sun.reflect.NativeMethodAccessorImpl.invoke(Unknown Source)
	at sun.reflect.DelegatingMethodAccessorImpl.invoke(Unknown Source)
	at java.lang.reflect.Method.invoke(Unknown Source)
	at org.testng.internal.MethodInvocationHelper.invokeMethod(MethodInvocationHelper.java:80)
	at org.testng.internal.Invoker.invokeMethod(Invoker.java:714)
	at org.testng.internal.Invoker.invokeTestMethod(Invoker.java:901)
	at org.testng.internal.Invoker.invokeTestMethods(Invoker.java:1231)
	at org.testng.internal.TestMethodWorker.invokeTestMethods(TestMethodWorker.java:127)
	at org.testng.internal.TestMethodWorker.run(TestMethodWorker.java:111)
	at org.testng.TestRunner.privateRun(TestRunner.java:767)
	at org.testng.TestRunner.run(TestRunner.java:617)
	at org.testng.SuiteRunner.runTest(SuiteRunner.java:334)
	at org.testng.SuiteRunner.runSequentially(SuiteRunner.java:329)
	at org.testng.SuiteRunner.privateRun(SuiteRunner.java:291)
	at org.testng.SuiteRunner.run(SuiteRunner.java:240)
	at org.testng.SuiteRunnerWorker.runSuite(SuiteRunnerWorker.java:52)
	at org.testng.SuiteRunnerWorker.run(SuiteRunnerWorker.java:86)
	at org.testng.TestNG.runSuitesSequentially(TestNG.java:1198)
	at org.testng.TestNG.runSuitesLocally(TestNG.java:1123)
	at org.testng.TestNG.run(TestNG.java:1031)
	at org.testng.remote.AbstractRemoteTestNG.run(AbstractRemoteTestNG.java:126)
	at org.testng.remote.RemoteTestNG.initAndRun(RemoteTestNG.java:137)
	at org.testng.remote.RemoteTestNG.main(RemoteTestNG.java:58)
]]>
            </full-stacktrace>
          </exception> <!-- java.lang.AssertionError -->
          <reporter-output>
          </reporter-output>
        </test-method> <!-- verifyAcademicWordListLinkClickable -->
        <test-method status="PASS" signature="verifyAcknowledgementsLinkClickable()[pri:0, instance:com.pageTests.AboutThisAppPageTest@6e06451e]" name="verifyAcknowledgementsLinkClickable" duration-ms="8231" started-at="2016-07-21T11:41:06Z" finished-at="2016-07-21T11:41:14Z">
          <reporter-output>
          </reporter-output>
        </test-method> <!-- verifyAcknowledgementsLinkClickable -->
        <test-method status="PASS" signature="verifyCopyrightLinkClickable()[pri:0, instance:com.pageTests.AboutThisAppPageTest@6e06451e]" name="verifyCopyrightLinkClickable" duration-ms="9367" started-at="2016-07-21T11:41:14Z" finished-at="2016-07-21T11:41:24Z">
          <reporter-output>
          </reporter-output>
        </test-method> <!-- verifyCopyrightLinkClickable -->
        <test-method status="PASS" signature="verifyEmailSupportLinkClickable()[pri:0, instance:com.pageTests.AboutThisAppPageTest@6e06451e]" name="verifyEmailSupportLinkClickable" duration-ms="8576" started-at="2016-07-21T11:41:24Z" finished-at="2016-07-21T11:41:32Z">
          <reporter-output>
          </reporter-output>
        </test-method> <!-- verifyEmailSupportLinkClickable -->
        <test-method status="PASS" signature="verifyGrammarCodesAndPatternsLinkClickable()[pri:0, instance:com.pageTests.AboutThisAppPageTest@6e06451e]" name="verifyGrammarCodesAndPatternsLinkClickable" duration-ms="9331" started-at="2016-07-21T11:41:32Z" finished-at="2016-07-21T11:41:41Z">
          <reporter-output>
          </reporter-output>
        </test-method> <!-- verifyGrammarCodesAndPatternsLinkClickable -->
        <test-method status="PASS" signature="verifyNavigationToAboutThisAppPage()[pri:0, instance:com.pageTests.AboutThisAppPageTest@6e06451e]" name="verifyNavigationToAboutThisAppPage" duration-ms="8608" started-at="2016-07-21T11:41:41Z" finished-at="2016-07-21T11:41:50Z">
          <reporter-output>
          </reporter-output>
        </test-method> <!-- verifyNavigationToAboutThisAppPage -->
        <test-method status="FAIL" signature="verifyPronunciationTableLinkClickable()[pri:0, instance:com.pageTests.AboutThisAppPageTest@6e06451e]" name="verifyPronunciationTableLinkClickable" duration-ms="23176" started-at="2016-07-21T11:41:50Z" finished-at="2016-07-21T11:42:13Z">
          <exception class="java.lang.AssertionError">
            <message>
              <![CDATA[expected [true] but found [false]]]>
            </message>
            <full-stacktrace>
              <![CDATA[java.lang.AssertionError: expected [true] but found [false]
	at org.testng.Assert.fail(Assert.java:94)
	at org.testng.Assert.failNotEquals(Assert.java:494)
	at org.testng.Assert.assertTrue(Assert.java:42)
	at org.testng.Assert.assertTrue(Assert.java:52)
	at com.pageTests.AboutThisAppPageTest.verifyPronunciationTableLinkClickable(AboutThisAppPageTest.java:95)
	at sun.reflect.NativeMethodAccessorImpl.invoke0(Native Method)
	at sun.reflect.NativeMethodAccessorImpl.invoke(Unknown Source)
	at sun.reflect.DelegatingMethodAccessorImpl.invoke(Unknown Source)
	at java.lang.reflect.Method.invoke(Unknown Source)
	at org.testng.internal.MethodInvocationHelper.invokeMethod(MethodInvocationHelper.java:80)
	at org.testng.internal.Invoker.invokeMethod(Invoker.java:714)
	at org.testng.internal.Invoker.invokeTestMethod(Invoker.java:901)
	at org.testng.internal.Invoker.invokeTestMethods(Invoker.java:1231)
	at org.testng.internal.TestMethodWorker.invokeTestMethods(TestMethodWorker.java:127)
	at org.testng.internal.TestMethodWorker.run(TestMethodWorker.java:111)
	at org.testng.TestRunner.privateRun(TestRunner.java:767)
	at org.testng.TestRunner.run(TestRunner.java:617)
	at org.testng.SuiteRunner.runTest(SuiteRunner.java:334)
	at org.testng.SuiteRunner.runSequentially(SuiteRunner.java:329)
	at org.testng.SuiteRunner.privateRun(SuiteRunner.java:291)
	at org.testng.SuiteRunner.run(SuiteRunner.java:240)
	at org.testng.SuiteRunnerWorker.runSuite(SuiteRunnerWorker.java:52)
	at org.testng.SuiteRunnerWorker.run(SuiteRunnerWorker.java:86)
	at org.testng.TestNG.runSuitesSequentially(TestNG.java:1198)
	at org.testng.TestNG.runSuitesLocally(TestNG.java:1123)
	at org.testng.TestNG.run(TestNG.java:1031)
	at org.testng.remote.AbstractRemoteTestNG.run(AbstractRemoteTestNG.java:126)
	at org.testng.remote.RemoteTestNG.initAndRun(RemoteTestNG.java:137)
	at org.testng.remote.RemoteTestNG.main(RemoteTestNG.java:58)
]]>
            </full-stacktrace>
          </exception> <!-- java.lang.AssertionError -->
          <reporter-output>
          </reporter-output>
        </test-method> <!-- verifyPronunciationTableLinkClickable -->
        <test-method status="PASS" signature="verifyShortFormsAndLabelsLinkClickable()[pri:0, instance:com.pageTests.AboutThisAppPageTest@6e06451e]" name="verifyShortFormsAndLabelsLinkClickable" duration-ms="8321" started-at="2016-07-21T11:42:13Z" finished-at="2016-07-21T11:42:22Z">
          <reporter-output>
          </reporter-output>
        </test-method> <!-- verifyShortFormsAndLabelsLinkClickable -->
        <test-method status="PASS" signature="verifyTellAFriendLinkClickable()[pri:0, instance:com.pageTests.AboutThisAppPageTest@6e06451e]" name="verifyTellAFriendLinkClickable" duration-ms="9486" started-at="2016-07-21T11:42:22Z" finished-at="2016-07-21T11:42:31Z">
          <reporter-output>
          </reporter-output>
        </test-method> <!-- verifyTellAFriendLinkClickable -->
        <test-method status="PASS" signature="verifyTutorialLinkClickable()[pri:0, instance:com.pageTests.AboutThisAppPageTest@6e06451e]" name="verifyTutorialLinkClickable" duration-ms="8639" started-at="2016-07-21T11:42:31Z" finished-at="2016-07-21T11:42:40Z">
          <reporter-output>
          </reporter-output>
        </test-method> <!-- verifyTutorialLinkClickable -->
        <test-method status="PASS" signature="verifyWelcomeLongmanSubLinks()[pri:0, instance:com.pageTests.AboutThisAppPageTest@6e06451e]" name="verifyWelcomeLongmanSubLinks" duration-ms="10290" started-at="2016-07-21T11:42:40Z" finished-at="2016-07-21T11:42:50Z">
          <reporter-output>
          </reporter-output>
        </test-method> <!-- verifyWelcomeLongmanSubLinks -->
        <test-method status="PASS" signature="verifyWelcomeToLongmanLinkClickable()[pri:0, instance:com.pageTests.AboutThisAppPageTest@6e06451e]" name="verifyWelcomeToLongmanLinkClickable" duration-ms="8890" started-at="2016-07-21T11:42:50Z" finished-at="2016-07-21T11:42:59Z">
          <reporter-output>
          </reporter-output>
        </test-method> <!-- verifyWelcomeToLongmanLinkClickable -->
        <test-method status="PASS" signature="closeTheApp()[pri:0, instance:com.pageTests.AboutThisAppPageTest@6e06451e]" name="closeTheApp" is-config="true" duration-ms="1188" started-at="2016-07-21T11:42:59Z" finished-at="2016-07-21T11:43:00Z">
          <reporter-output>
          </reporter-output>
        </test-method> <!-- closeTheApp -->
      </class> <!-- com.pageTests.AboutThisAppPageTest -->
    </test> <!-- Default test -->
  </suite> <!-- Default suite -->
</testng-results>
